iperf 3.12
Linux raspberrypi 6.6.31+rpt-rpi-2712 #1 SMP PREEMPT Debian 1:6.6.31-1+rpt1 (2024-05-29) aarch64
iperf3: error - unable to connect to server: Connection refused
iperf 3.12
Linux raspberrypi 6.6.31+rpt-rpi-2712 #1 SMP PREEMPT Debian 1:6.6.31-1+rpt1 (2024-05-29) aarch64
iperf3: error - unable to connect to server: Connection refused
iperf 3.12
Linux raspberrypi 6.6.31+rpt-rpi-2712 #1 SMP PREEMPT Debian 1:6.6.31-1+rpt1 (2024-05-29) aarch64
Control connection MSS 1448
Time: Mon, 15 Jul 2024 19:53:32 GMT
Connecting to host 10.193.123.80, port 5201
      Cookie: xdubjpyrpdmha4qo3sopyi7lnbmnlsmkdowk
      TCP MSS: 1448 (default)
[  5] local 10.193.121.220 port 52908 connected to 10.193.123.80 port 5201
Starting Test: protocol: TCP, 1 streams, 131072 byte blocks, omitting 0 seconds, 30 second test, tos 0
[ ID] Interval           Transfer     Bitrate         Retr  Cwnd
[  5]   0.00-1.00   sec  6.79 MBytes  56.9 Mbits/sec  211    180 KBytes       
[  5]   1.00-2.00   sec  8.70 MBytes  73.0 Mbits/sec    0    212 KBytes       
[  5]   2.00-3.00   sec  8.39 MBytes  70.4 Mbits/sec  160    175 KBytes       
[  5]   3.00-4.00   sec  9.82 MBytes  82.4 Mbits/sec    0    215 KBytes       
[  5]   4.00-5.00   sec  10.5 MBytes  88.1 Mbits/sec    0    250 KBytes       
[  5]   5.00-6.00   sec  8.95 MBytes  75.1 Mbits/sec    0    276 KBytes       
[  5]   6.00-7.00   sec  10.1 MBytes  85.0 Mbits/sec    0    304 KBytes       
[  5]   7.00-8.00   sec  11.9 MBytes  99.6 Mbits/sec    0    332 KBytes       
[  5]   8.00-9.00   sec  11.2 MBytes  94.4 Mbits/sec    0    356 KBytes       
[  5]   9.00-10.00  sec  10.6 MBytes  89.1 Mbits/sec    0    380 KBytes       
[  5]  10.00-11.00  sec  12.0 MBytes   101 Mbits/sec    0    402 KBytes       
[  5]  11.00-12.00  sec  9.88 MBytes  82.9 Mbits/sec    0    421 KBytes       
[  5]  12.00-13.00  sec  9.88 MBytes  82.9 Mbits/sec    0    438 KBytes       
[  5]  13.00-14.00  sec  10.8 MBytes  90.2 Mbits/sec    0    457 KBytes       
[  5]  14.00-15.00  sec  9.94 MBytes  83.4 Mbits/sec    0    474 KBytes       
[  5]  15.00-16.00  sec  11.3 MBytes  94.7 Mbits/sec    0    573 KBytes       
[  5]  16.00-17.00  sec  9.88 MBytes  82.8 Mbits/sec    0    708 KBytes       
[  5]  17.00-18.00  sec  11.2 MBytes  94.4 Mbits/sec  676    393 KBytes       
[  5]  18.00-19.00  sec  10.0 MBytes  83.9 Mbits/sec    0    426 KBytes       
[  5]  19.00-20.00  sec  11.2 MBytes  94.4 Mbits/sec    0    444 KBytes       
[  5]  20.00-21.00  sec  11.2 MBytes  94.4 Mbits/sec    0    454 KBytes       
[  5]  21.00-22.00  sec  7.50 MBytes  62.9 Mbits/sec   14    146 KBytes       
[  5]  22.00-23.00  sec  5.00 MBytes  41.9 Mbits/sec    0    368 KBytes       
[  5]  23.00-24.00  sec  6.25 MBytes  52.4 Mbits/sec    0    413 KBytes       
[  5]  24.00-25.00  sec  8.75 MBytes  73.4 Mbits/sec  372    219 KBytes       
[  5]  25.00-26.00  sec  6.25 MBytes  52.4 Mbits/sec    0    242 KBytes       
[  5]  26.00-27.00  sec  8.75 MBytes  73.4 Mbits/sec    0    267 KBytes       
[  5]  27.00-28.00  sec  10.0 MBytes  83.9 Mbits/sec    0    294 KBytes       
[  5]  28.00-29.00  sec  11.2 MBytes  94.4 Mbits/sec    0    322 KBytes       
[  5]  29.00-30.00  sec  2.50 MBytes  21.0 Mbits/sec   19    243 KBytes       
- - - - - - - - - - - - - - - - - - - - - - - - -
Test Complete. Summary Results:
[ ID] Interval           Transfer     Bitrate         Retr
[  5]   0.00-30.00  sec   281 MBytes  78.5 Mbits/sec  1452             sender
[  5]   0.00-30.03  sec   278 MBytes  77.6 Mbits/sec                  receiver
CPU Utilization: local/sender 0.3% (0.0%u/0.3%s), remote/receiver 2.3% (0.1%u/2.2%s)
snd_tcp_congestion cubic

iperf Done.
iperf 3.12
Linux raspberrypi 6.6.31+rpt-rpi-2712 #1 SMP PREEMPT Debian 1:6.6.31-1+rpt1 (2024-05-29) aarch64
Control connection MSS 1448
Setting UDP block size to 1448
Time: Mon, 15 Jul 2024 19:54:03 GMT
Connecting to host 10.193.123.80, port 5201
      Cookie: 637iwpn3zfkw2kao5cr5bxs7tc5oeonaxwye
      Target Bitrate: 10000000
[  5] local 10.193.121.220 port 41325 connected to 10.193.123.80 port 5201
Starting Test: protocol: UDP, 1 streams, 1448 byte blocks, omitting 0 seconds, 30 second test, tos 0
[ ID] Interval           Transfer     Bitrate         Total Datagrams
[  5]   0.00-1.00   sec  1.19 MBytes  10.0 Mbits/sec  863  
[  5]   1.00-2.00   sec  1.19 MBytes  10.0 Mbits/sec  863  
[  5]   2.00-3.00   sec  1.19 MBytes  10.0 Mbits/sec  863  
[  5]   3.00-4.00   sec  1.19 MBytes  10.0 Mbits/sec  864  
[  5]   4.00-5.00   sec  1.19 MBytes  10.0 Mbits/sec  863  
[  5]   5.00-6.00   sec  1.19 MBytes  10.0 Mbits/sec  863  
[  5]   6.00-7.00   sec  1.19 MBytes  10.0 Mbits/sec  864  
[  5]   7.00-8.00   sec  1.19 MBytes  10.0 Mbits/sec  863  
[  5]   8.00-9.00   sec  1.19 MBytes  10.0 Mbits/sec  863  
[  5]   9.00-10.00  sec  1.19 MBytes  10.0 Mbits/sec  863  
[  5]  10.00-11.00  sec  1.19 MBytes  10.0 Mbits/sec  864  
[  5]  11.00-12.00  sec  1.19 MBytes  10.0 Mbits/sec  863  
[  5]  12.00-13.00  sec  1.19 MBytes  10.0 Mbits/sec  863  
[  5]  13.00-14.00  sec  1.19 MBytes  10.0 Mbits/sec  863  
[  5]  14.00-15.00  sec  1.19 MBytes  10.0 Mbits/sec  864  
[  5]  15.00-16.00  sec  1.19 MBytes  10.0 Mbits/sec  863  
[  5]  16.00-17.00  sec  1.19 MBytes  10.0 Mbits/sec  863  
[  5]  17.00-18.00  sec  1.19 MBytes  10.0 Mbits/sec  863  
[  5]  18.00-19.00  sec  1.19 MBytes  10.0 Mbits/sec  864  
[  5]  19.00-20.00  sec  1.19 MBytes  10.0 Mbits/sec  863  
[  5]  20.00-21.00  sec  1.19 MBytes  10.0 Mbits/sec  863  
[  5]  21.00-22.00  sec  1.19 MBytes  10.0 Mbits/sec  863  
[  5]  22.00-23.00  sec  1.19 MBytes  10.0 Mbits/sec  864  
[  5]  23.00-24.00  sec  1.19 MBytes  10.0 Mbits/sec  863  
[  5]  24.00-25.00  sec  1.19 MBytes  10.0 Mbits/sec  863  
[  5]  25.00-26.00  sec  1.19 MBytes  10.0 Mbits/sec  863  
[  5]  26.00-27.00  sec  1.19 MBytes  10.0 Mbits/sec  864  
[  5]  27.00-28.00  sec  1.19 MBytes  10.0 Mbits/sec  863  
[  5]  28.00-29.00  sec  1.19 MBytes  10.0 Mbits/sec  863  
[  5]  29.00-30.00  sec  1.19 MBytes  10.0 Mbits/sec  863  
- - - - - - - - - - - - - - - - - - - - - - - - -
Test Complete. Summary Results:
[ ID] Interval           Transfer     Bitrate         Jitter    Lost/Total Datagrams
[  5]   0.00-30.00  sec  35.8 MBytes  10.0 Mbits/sec  0.000 ms  0/25897 (0%)  sender
[  5]   0.00-30.01  sec  35.8 MBytes  10.0 Mbits/sec  1.216 ms  0/25897 (0%)  receiver
CPU Utilization: local/sender 0.6% (0.3%u/0.3%s), remote/receiver 5.9% (1.2%u/4.6%s)

iperf Done.
