iperf 3.12
Linux raspberrypi 6.6.31+rpt-rpi-2712 #1 SMP PREEMPT Debian 1:6.6.31-1+rpt1 (2024-05-29) aarch64
Control connection MSS 1448
Time: Mon, 15 Jul 2024 19:08:15 GMT
Connecting to host 10.193.123.80, port 5201
      Cookie: eumxjdwotiicop6se4eiexunhvm53xdeafcb
      TCP MSS: 1448 (default)
[  5] local 10.193.121.220 port 41620 connected to 10.193.123.80 port 5201
Starting Test: protocol: TCP, 1 streams, 131072 byte blocks, omitting 0 seconds, 30 second test, tos 0
[ ID] Interval           Transfer     Bitrate         Retr  Cwnd
[  5]   0.00-1.00   sec  7.04 MBytes  59.0 Mbits/sec    0    554 KBytes       
[  5]   1.00-2.00   sec  3.59 MBytes  30.1 Mbits/sec    0    742 KBytes       
[  5]   2.00-3.00   sec  7.50 MBytes  62.9 Mbits/sec    0   1.00 MBytes       
[  5]   3.00-4.00   sec  6.25 MBytes  52.4 Mbits/sec    0   1.32 MBytes       
[  5]   4.00-5.00   sec  7.50 MBytes  62.9 Mbits/sec    0   1.60 MBytes       
[  5]   5.00-6.00   sec  7.50 MBytes  62.9 Mbits/sec    0   1.82 MBytes       
[  5]   6.00-7.00   sec  5.00 MBytes  41.9 Mbits/sec    0   1.92 MBytes       
[  5]   7.00-8.00   sec  7.50 MBytes  62.9 Mbits/sec    0   2.14 MBytes       
[  5]   8.00-9.00   sec  11.2 MBytes  94.4 Mbits/sec  406    403 KBytes       
[  5]   9.00-10.00  sec  11.2 MBytes  94.4 Mbits/sec    0   1.22 MBytes       
[  5]  10.00-11.00  sec  7.50 MBytes  62.9 Mbits/sec    0   1.29 MBytes       
[  5]  11.00-12.00  sec  7.50 MBytes  62.9 Mbits/sec    0   1.33 MBytes       
[  5]  12.00-13.00  sec  8.75 MBytes  73.4 Mbits/sec    0   1.36 MBytes       
[  5]  13.00-14.00  sec  7.50 MBytes  62.9 Mbits/sec    0   1.38 MBytes       
[  5]  14.00-15.00  sec  8.75 MBytes  73.4 Mbits/sec    0   1.39 MBytes       
[  5]  15.00-16.00  sec  7.50 MBytes  62.9 Mbits/sec  140   1020 KBytes       
[  5]  16.00-17.00  sec  8.75 MBytes  73.4 Mbits/sec    0   1.11 MBytes       
[  5]  17.00-18.00  sec  7.50 MBytes  62.9 Mbits/sec    0   1.19 MBytes       
[  5]  18.00-19.00  sec  5.00 MBytes  41.9 Mbits/sec    0   1.25 MBytes       
[  5]  19.00-20.00  sec  2.50 MBytes  21.0 Mbits/sec    0   1.25 MBytes       
[  5]  20.00-21.00  sec  1.25 MBytes  10.5 Mbits/sec    0   1.25 MBytes       
[  5]  21.00-22.00  sec  1.25 MBytes  10.5 Mbits/sec    0   1.25 MBytes       
[  5]  22.00-23.00  sec  6.25 MBytes  52.5 Mbits/sec  175    942 KBytes       
[  5]  23.00-24.00  sec  7.50 MBytes  62.9 Mbits/sec    0   1000 KBytes       
[  5]  24.00-25.00  sec  7.50 MBytes  62.9 Mbits/sec    0   1.02 MBytes       
[  5]  25.00-26.00  sec  7.50 MBytes  62.9 Mbits/sec    0   1.04 MBytes       
[  5]  26.00-27.00  sec  8.75 MBytes  73.4 Mbits/sec    0   1.06 MBytes       
[  5]  27.00-28.00  sec  8.75 MBytes  73.4 Mbits/sec    0   1.06 MBytes       
[  5]  28.00-29.00  sec  8.75 MBytes  73.4 Mbits/sec    0   1.06 MBytes       
[  5]  29.00-30.00  sec  8.75 MBytes  73.4 Mbits/sec    0   1.06 MBytes       
- - - - - - - - - - - - - - - - - - - - - - - - -
Test Complete. Summary Results:
[ ID] Interval           Transfer     Bitrate         Retr
[  5]   0.00-30.00  sec   212 MBytes  59.2 Mbits/sec  721             sender
[  5]   0.00-30.03  sec   209 MBytes  58.4 Mbits/sec                  receiver
CPU Utilization: local/sender 0.3% (0.0%u/0.3%s), remote/receiver 1.9% (0.1%u/1.8%s)
snd_tcp_congestion cubic

iperf Done.
iperf 3.12
Linux raspberrypi 6.6.31+rpt-rpi-2712 #1 SMP PREEMPT Debian 1:6.6.31-1+rpt1 (2024-05-29) aarch64
Control connection MSS 1448
Setting UDP block size to 1448
iperf3: error - unable to receive control message: Connection reset by peer
iperf 3.12
Linux raspberrypi 6.6.31+rpt-rpi-2712 #1 SMP PREEMPT Debian 1:6.6.31-1+rpt1 (2024-05-29) aarch64
Control connection MSS 1448
Time: Mon, 15 Jul 2024 19:09:49 GMT
Connecting to host 10.193.123.80, port 5201
      Cookie: ieaeoh6h3dvx5oigno23kzup6dn7zk6zln7r
      TCP MSS: 1448 (default)
[  5] local 10.193.121.220 port 33168 connected to 10.193.123.80 port 5201
Starting Test: protocol: TCP, 1 streams, 131072 byte blocks, omitting 0 seconds, 30 second test, tos 0
[ ID] Interval           Transfer     Bitrate         Retr  Cwnd
[  5]   0.00-1.00   sec  7.75 MBytes  65.0 Mbits/sec    0    687 KBytes       
[  5]   1.00-2.00   sec  7.50 MBytes  62.9 Mbits/sec  361    444 KBytes       
[  5]   2.00-3.00   sec  8.75 MBytes  73.4 Mbits/sec    0    486 KBytes       
[  5]   3.00-4.00   sec  8.75 MBytes  73.4 Mbits/sec    0    513 KBytes       
[  5]   4.00-5.00   sec  7.50 MBytes  62.9 Mbits/sec    0    529 KBytes       
[  5]   5.00-6.00   sec  7.50 MBytes  62.9 Mbits/sec  329    276 KBytes       
[  5]   6.00-7.00   sec  8.75 MBytes  73.4 Mbits/sec    0    301 KBytes       
[  5]   7.00-8.00   sec  7.50 MBytes  62.9 Mbits/sec    0    314 KBytes       
[  5]   8.00-9.00   sec  6.25 MBytes  52.4 Mbits/sec  187    232 KBytes       
[  5]   9.00-10.00  sec  6.25 MBytes  52.4 Mbits/sec  207    130 KBytes       
[  5]  10.00-11.00  sec  7.50 MBytes  62.9 Mbits/sec    0    167 KBytes       
[  5]  11.00-12.00  sec  7.50 MBytes  62.9 Mbits/sec    0    199 KBytes       
[  5]  12.00-13.00  sec  7.50 MBytes  62.9 Mbits/sec    0    228 KBytes       
[  5]  13.00-14.00  sec  7.50 MBytes  62.9 Mbits/sec    0    252 KBytes       
[  5]  14.00-15.00  sec  8.75 MBytes  73.4 Mbits/sec    0    277 KBytes       
[  5]  15.00-16.00  sec  8.75 MBytes  73.4 Mbits/sec    0    301 KBytes       
[  5]  16.00-17.00  sec  11.2 MBytes  94.4 Mbits/sec    0    328 KBytes       
[  5]  17.00-18.00  sec  7.50 MBytes  62.9 Mbits/sec    0    345 KBytes       
[  5]  18.00-19.00  sec  11.2 MBytes  94.4 Mbits/sec  231    263 KBytes       
[  5]  19.00-20.00  sec  8.75 MBytes  73.4 Mbits/sec    0    308 KBytes       
[  5]  20.00-21.00  sec  6.25 MBytes  52.4 Mbits/sec  161    165 KBytes       
[  5]  21.00-22.00  sec  6.25 MBytes  52.4 Mbits/sec    0    194 KBytes       
[  5]  22.00-23.00  sec  8.75 MBytes  73.4 Mbits/sec    0    223 KBytes       
[  5]  23.00-24.00  sec  7.50 MBytes  62.9 Mbits/sec    0    249 KBytes       
[  5]  24.00-25.00  sec  7.50 MBytes  62.9 Mbits/sec    0    273 KBytes       
[  5]  25.00-26.00  sec  8.75 MBytes  73.4 Mbits/sec    0    294 KBytes       
[  5]  26.00-27.00  sec  7.50 MBytes  62.9 Mbits/sec    0    315 KBytes       
[  5]  27.00-28.00  sec  7.50 MBytes  62.9 Mbits/sec    0    331 KBytes       
[  5]  28.00-29.00  sec  7.50 MBytes  62.9 Mbits/sec    0    349 KBytes       
[  5]  29.00-30.00  sec  6.25 MBytes  52.4 Mbits/sec    0    362 KBytes       
- - - - - - - - - - - - - - - - - - - - - - - - -
Test Complete. Summary Results:
[ ID] Interval           Transfer     Bitrate         Retr
[  5]   0.00-30.00  sec   236 MBytes  66.1 Mbits/sec  1476             sender
[  5]   0.00-30.03  sec   234 MBytes  65.3 Mbits/sec                  receiver
CPU Utilization: local/sender 0.3% (0.0%u/0.3%s), remote/receiver 2.2% (0.1%u/2.1%s)
snd_tcp_congestion cubic

iperf Done.
iperf 3.12
Linux raspberrypi 6.6.31+rpt-rpi-2712 #1 SMP PREEMPT Debian 1:6.6.31-1+rpt1 (2024-05-29) aarch64
Control connection MSS 1448
Setting UDP block size to 1448
iperf3: error - unable to receive control message: Connection reset by peer
iperf 3.12
Linux raspberrypi 6.6.31+rpt-rpi-2712 #1 SMP PREEMPT Debian 1:6.6.31-1+rpt1 (2024-05-29) aarch64
Control connection MSS 1448
Setting UDP block size to 1448
Time: Mon, 15 Jul 2024 19:10:58 GMT
Connecting to host 10.193.123.80, port 5201
      Cookie: l5pjd7ikuoqrxamoel26ancsp6zmmuw3pgza
      Target Bitrate: 10000000
[  5] local 10.193.121.220 port 38048 connected to 10.193.123.80 port 5201
Starting Test: protocol: UDP, 1 streams, 1448 byte blocks, omitting 0 seconds, 30 second test, tos 0
[ ID] Interval           Transfer     Bitrate         Total Datagrams
[  5]   0.00-1.00   sec  1.19 MBytes  10.0 Mbits/sec  863  
[  5]   1.00-2.00   sec  1.19 MBytes  10.0 Mbits/sec  863  
[  5]   2.00-3.00   sec  1.19 MBytes  10.0 Mbits/sec  863  
[  5]   3.00-4.00   sec  1.19 MBytes  10.0 Mbits/sec  864  
[  5]   4.00-5.00   sec  1.19 MBytes  10.0 Mbits/sec  863  
[  5]   5.00-6.00   sec  1.19 MBytes  10.0 Mbits/sec  863  
[  5]   6.00-7.00   sec  1.19 MBytes  10.0 Mbits/sec  864  
[  5]   7.00-8.00   sec  1.19 MBytes  10.0 Mbits/sec  863  
[  5]   8.00-9.00   sec  1.19 MBytes  10.0 Mbits/sec  863  
[  5]   9.00-10.00  sec  1.19 MBytes  10.0 Mbits/sec  863  
[  5]  10.00-11.00  sec  1.19 MBytes  10.0 Mbits/sec  864  
[  5]  11.00-12.00  sec  1.19 MBytes  10.0 Mbits/sec  863  
[  5]  12.00-13.00  sec  1.19 MBytes  10.0 Mbits/sec  863  
[  5]  13.00-14.00  sec  1.19 MBytes  10.0 Mbits/sec  863  
[  5]  14.00-15.00  sec  1.19 MBytes  10.0 Mbits/sec  864  
[  5]  15.00-16.00  sec  1.19 MBytes  10.0 Mbits/sec  863  
[  5]  16.00-17.00  sec  1.19 MBytes  10.0 Mbits/sec  863  
[  5]  17.00-18.00  sec  1.19 MBytes  10.0 Mbits/sec  863  
[  5]  18.00-19.00  sec  1.19 MBytes  10.0 Mbits/sec  864  
[  5]  19.00-20.00  sec  1.19 MBytes  10.0 Mbits/sec  863  
[  5]  20.00-21.00  sec  1.19 MBytes  10.0 Mbits/sec  863  
[  5]  21.00-22.00  sec  1.19 MBytes  10.0 Mbits/sec  863  
[  5]  22.00-23.00  sec  1.19 MBytes  10.0 Mbits/sec  864  
[  5]  23.00-24.00  sec  1.19 MBytes  10.0 Mbits/sec  863  
[  5]  24.00-25.00  sec  1.19 MBytes  10.0 Mbits/sec  863  
[  5]  25.00-26.00  sec  1.19 MBytes  10.0 Mbits/sec  863  
[  5]  26.00-27.00  sec  1.19 MBytes  10.0 Mbits/sec  864  
[  5]  27.00-28.00  sec  1.19 MBytes  10.0 Mbits/sec  863  
[  5]  28.00-29.00  sec  1.19 MBytes  10.0 Mbits/sec  863  
[  5]  29.00-30.00  sec  1.19 MBytes  10.0 Mbits/sec  863  
- - - - - - - - - - - - - - - - - - - - - - - - -
Test Complete. Summary Results:
[ ID] Interval           Transfer     Bitrate         Jitter    Lost/Total Datagrams
[  5]   0.00-30.00  sec  35.8 MBytes  10.0 Mbits/sec  0.000 ms  0/25897 (0%)  sender
[  5]   0.00-30.01  sec  35.7 MBytes  9.98 Mbits/sec  1.620 ms  30/25896 (0.12%)  receiver
CPU Utilization: local/sender 0.7% (0.3%u/0.3%s), remote/receiver 5.2% (1.1%u/4.1%s)

iperf Done.
