iperf 3.12
Linux raspberrypi 6.6.31+rpt-rpi-2712 #1 SMP PREEMPT Debian 1:6.6.31-1+rpt1 (2024-05-29) aarch64
Control connection MSS 1448
Time: Mon, 15 Jul 2024 19:36:15 GMT
Connecting to host 10.193.123.80, port 5201
      Cookie: 45xzmuozaygn6kitrw73ah3dgwebe2rqpbgm
      TCP MSS: 1448 (default)
[  5] local 10.193.121.220 port 35494 connected to 10.193.123.80 port 5201
Starting Test: protocol: TCP, 1 streams, 131072 byte blocks, omitting 0 seconds, 30 second test, tos 0
[ ID] Interval           Transfer     Bitrate         Retr  Cwnd
[  5]   0.00-1.00   sec  3.99 MBytes  33.5 Mbits/sec    0    370 KBytes       
[  5]   1.00-2.00   sec  2.42 MBytes  20.3 Mbits/sec   26    263 KBytes       
[  5]   2.00-3.00   sec  3.67 MBytes  30.8 Mbits/sec   13    349 KBytes       
[  5]   3.00-4.00   sec  2.67 MBytes  22.4 Mbits/sec    1    269 KBytes       
[  5]   4.00-5.00   sec  2.67 MBytes  22.4 Mbits/sec    1    209 KBytes       
[  5]   5.00-6.00   sec  2.61 MBytes  21.9 Mbits/sec    1    164 KBytes       
[  5]   6.00-7.00   sec  3.48 MBytes  29.2 Mbits/sec    0    177 KBytes       
[  5]   7.00-8.00   sec  2.67 MBytes  22.4 Mbits/sec    0    184 KBytes       
[  5]   8.00-9.00   sec  3.54 MBytes  29.7 Mbits/sec    0    197 KBytes       
[  5]   9.00-10.00  sec  2.67 MBytes  22.4 Mbits/sec    0    208 KBytes       
[  5]  10.00-11.00  sec  1.74 MBytes  14.6 Mbits/sec   24    113 KBytes       
[  5]  11.00-12.00  sec  2.61 MBytes  21.9 Mbits/sec    0    129 KBytes       
[  5]  12.00-13.00  sec  3.60 MBytes  30.2 Mbits/sec    0    147 KBytes       
[  5]  13.00-14.00  sec  2.61 MBytes  21.9 Mbits/sec    0    160 KBytes       
[  5]  14.00-15.00  sec  2.61 MBytes  21.9 Mbits/sec    0    173 KBytes       
[  5]  15.00-16.00  sec  3.48 MBytes  29.2 Mbits/sec    0    187 KBytes       
[  5]  16.00-17.00  sec  2.67 MBytes  22.4 Mbits/sec    0    199 KBytes       
[  5]  17.00-18.00  sec  2.73 MBytes  22.9 Mbits/sec    1    164 KBytes       
[  5]  18.00-19.00  sec  2.67 MBytes  22.4 Mbits/sec    0    187 KBytes       
[  5]  19.00-20.00  sec  2.61 MBytes  21.9 Mbits/sec    0    198 KBytes       
[  5]  20.00-21.00  sec  3.48 MBytes  29.2 Mbits/sec    1    157 KBytes       
[  5]  21.00-22.00  sec  2.61 MBytes  21.9 Mbits/sec    0    167 KBytes       
[  5]  22.00-23.00  sec  3.54 MBytes  29.7 Mbits/sec    0    181 KBytes       
[  5]  23.00-24.00  sec  2.61 MBytes  21.9 Mbits/sec    0    192 KBytes       
[  5]  24.00-25.00  sec  2.80 MBytes  23.5 Mbits/sec    1    156 KBytes       
[  5]  25.00-26.00  sec  3.48 MBytes  29.2 Mbits/sec    0    180 KBytes       
[  5]  26.00-27.00  sec  2.67 MBytes  22.4 Mbits/sec    0    192 KBytes       
[  5]  27.00-28.00  sec  1.86 MBytes  15.6 Mbits/sec    0    197 KBytes       
[  5]  28.00-29.00  sec  3.48 MBytes  29.2 Mbits/sec    3    140 KBytes       
[  5]  29.00-30.00  sec  2.61 MBytes  21.9 Mbits/sec    0    171 KBytes       
- - - - - - - - - - - - - - - - - - - - - - - - -
Test Complete. Summary Results:
[ ID] Interval           Transfer     Bitrate         Retr
[  5]   0.00-30.00  sec  86.9 MBytes  24.3 Mbits/sec   72             sender
[  5]   0.00-30.05  sec  85.2 MBytes  23.8 Mbits/sec                  receiver
CPU Utilization: local/sender 0.1% (0.0%u/0.1%s), remote/receiver 1.2% (0.1%u/1.1%s)
snd_tcp_congestion cubic

iperf Done.
iperf 3.12
Linux raspberrypi 6.6.31+rpt-rpi-2712 #1 SMP PREEMPT Debian 1:6.6.31-1+rpt1 (2024-05-29) aarch64
Control connection MSS 1448
Setting UDP block size to 1448
Time: Mon, 15 Jul 2024 19:36:45 GMT
Connecting to host 10.193.123.80, port 5201
      Cookie: ue3hm2fvpkkqfcjshtawfned74iqznletx53
      Target Bitrate: 10000000
[  5] local 10.193.121.220 port 49181 connected to 10.193.123.80 port 5201
Starting Test: protocol: UDP, 1 streams, 1448 byte blocks, omitting 0 seconds, 30 second test, tos 0
[ ID] Interval           Transfer     Bitrate         Total Datagrams
[  5]   0.00-1.00   sec  1.19 MBytes  10.0 Mbits/sec  863  
[  5]   1.00-2.00   sec  1.19 MBytes  10.0 Mbits/sec  863  
[  5]   2.00-3.00   sec  1.19 MBytes  10.0 Mbits/sec  863  
[  5]   3.00-4.00   sec  1.19 MBytes  10.0 Mbits/sec  864  
[  5]   4.00-5.00   sec  1.19 MBytes  10.0 Mbits/sec  863  
[  5]   5.00-6.00   sec  1022 KBytes  8.38 Mbits/sec  723  
[  5]   6.00-7.00   sec   232 KBytes  1.90 Mbits/sec  164  
[  5]   7.00-8.00   sec  1.27 MBytes  10.6 Mbits/sec  917  
[  5]   8.00-9.00   sec   874 KBytes  7.16 Mbits/sec  618  
[  5]   9.00-10.00  sec   269 KBytes  2.20 Mbits/sec  190  
[  5]  10.00-11.00  sec   792 KBytes  6.49 Mbits/sec  560  
[  5]  11.00-12.00  sec   652 KBytes  5.34 Mbits/sec  461  
[  5]  12.00-13.00  sec  1.37 MBytes  11.5 Mbits/sec  990  
[  5]  13.00-14.00  sec  1.28 MBytes  10.8 Mbits/sec  930  
[  5]  14.00-15.00  sec  91.9 KBytes   753 Kbits/sec  65  
[  5]  15.00-16.00  sec  62.2 KBytes   510 Kbits/sec  44  
[  5]  16.00-17.00  sec  67.9 KBytes   556 Kbits/sec  48  
[  5]  17.00-18.00  sec  8.48 KBytes  69.5 Kbits/sec  6  
[  5]  18.00-19.00  sec  79.2 KBytes   649 Kbits/sec  56  
[  5]  19.00-20.00  sec   468 KBytes  3.83 Mbits/sec  331  
[  5]  20.00-21.00  sec  1.10 MBytes  9.27 Mbits/sec  800  
[  5]  21.00-22.00  sec  1.73 MBytes  14.5 Mbits/sec  1251  
[  5]  22.00-23.00  sec   725 KBytes  5.94 Mbits/sec  513  
[  5]  23.00-24.00  sec   665 KBytes  5.44 Mbits/sec  470  
[  5]  24.00-25.00  sec  2.74 MBytes  23.0 Mbits/sec  1985  
[  5]  25.00-26.00  sec  2.63 MBytes  22.0 Mbits/sec  1903  
[  5]  26.00-27.00  sec  2.89 MBytes  24.3 Mbits/sec  2096  
[  5]  27.00-28.00  sec  3.47 MBytes  29.1 Mbits/sec  2514  
[  5]  28.00-29.00  sec   868 KBytes  7.11 Mbits/sec  614  
[  5]  29.00-30.00  sec  2.87 MBytes  24.1 Mbits/sec  2078  
- - - - - - - - - - - - - - - - - - - - - - - - -
Test Complete. Summary Results:
[ ID] Interval           Transfer     Bitrate         Jitter    Lost/Total Datagrams
[  5]   0.00-30.00  sec  34.0 MBytes  9.52 Mbits/sec  0.000 ms  0/24643 (0%)  sender
[  5]   0.00-30.06  sec  33.6 MBytes  9.39 Mbits/sec  1.040 ms  274/24637 (1.1%)  receiver
CPU Utilization: local/sender 0.5% (0.1%u/0.4%s), remote/receiver 2.4% (0.5%u/1.9%s)

iperf Done.
