iperf 3.17.1
Darwin wirelessprv-10-193-123-80.near.illinois.edu 23.5.0 Darwin Kernel Version 23.5.0: Wed May  1 20:12:58 PDT 2024; root:xnu-10063.121.3~5/RELEASE_ARM64_T6000 arm64
-----------------------------------------------------------
Server listening on 5201 (test #1)
-----------------------------------------------------------
Time: Mon, 15 Jul 2024 19:36:15 UTC
Accepted connection from 10.193.121.220, port 35484
      Cookie: 45xzmuozaygn6kitrw73ah3dgwebe2rqpbgm
      TCP MSS: 0 (default)
[  5] local 10.193.123.80 port 5201 connected to 10.193.121.220 port 35494
Starting Test: protocol: TCP, 1 streams, 131072 byte blocks, omitting 0 seconds, 30 second test, tos 0
[ ID] Interval           Transfer     Bitrate
[  5]   0.00-1.00   sec  2.00 MBytes  16.7 Mbits/sec                  
[  5]   1.00-2.00   sec  2.38 MBytes  19.9 Mbits/sec                  
[  5]   2.00-3.01   sec  3.38 MBytes  28.3 Mbits/sec                  
[  5]   3.01-4.00   sec  3.00 MBytes  25.2 Mbits/sec                  
[  5]   4.00-5.01   sec  2.50 MBytes  20.9 Mbits/sec                  
[  5]   5.01-6.00   sec  3.00 MBytes  25.2 Mbits/sec                  
[  5]   6.00-7.00   sec  3.00 MBytes  25.2 Mbits/sec                  
[  5]   7.00-8.00   sec  2.88 MBytes  24.1 Mbits/sec                  
[  5]   8.00-9.01   sec  3.12 MBytes  26.1 Mbits/sec                  
[  5]   9.01-10.01  sec  2.75 MBytes  23.1 Mbits/sec                  
[  5]  10.01-11.00  sec  2.25 MBytes  18.9 Mbits/sec                  
[  5]  11.00-12.00  sec  2.62 MBytes  22.1 Mbits/sec                  
[  5]  12.00-13.00  sec  3.25 MBytes  27.2 Mbits/sec                  
[  5]  13.00-14.00  sec  2.38 MBytes  19.9 Mbits/sec                  
[  5]  14.00-15.00  sec  3.12 MBytes  26.2 Mbits/sec                  
[  5]  15.00-16.01  sec  3.12 MBytes  26.2 Mbits/sec                  
[  5]  16.01-17.00  sec  3.00 MBytes  25.2 Mbits/sec                  
[  5]  17.00-18.00  sec  2.75 MBytes  23.1 Mbits/sec                  
[  5]  18.00-19.00  sec  2.75 MBytes  23.0 Mbits/sec                  
[  5]  19.00-20.00  sec  2.75 MBytes  23.1 Mbits/sec                  
[  5]  20.00-21.01  sec  3.25 MBytes  27.2 Mbits/sec                  
[  5]  21.01-22.01  sec  2.88 MBytes  24.2 Mbits/sec                  
[  5]  22.01-23.01  sec  3.12 MBytes  26.2 Mbits/sec                  
[  5]  23.01-24.01  sec  2.75 MBytes  23.0 Mbits/sec                  
[  5]  24.01-25.00  sec  2.75 MBytes  23.1 Mbits/sec                  
[  5]  25.00-26.00  sec  3.38 MBytes  28.3 Mbits/sec                  
[  5]  26.00-27.00  sec  2.25 MBytes  18.9 Mbits/sec                  
[  5]  27.00-28.00  sec  2.62 MBytes  22.0 Mbits/sec                  
[  5]  28.00-29.00  sec  2.88 MBytes  24.2 Mbits/sec                  
[  5]  29.00-30.00  sec  3.25 MBytes  27.3 Mbits/sec                  
[  5]  30.00-30.05  sec   128 KBytes  23.3 Mbits/sec                  
- - - - - - - - - - - - - - - - - - - - - - - - -
Test Complete. Summary Results:
[ ID] Interval           Transfer     Bitrate
[  5] (sender statistics not available)
[  5]   0.00-30.05  sec  85.2 MBytes  23.8 Mbits/sec                  receiver
iperf 3.17.1
Darwin wirelessprv-10-193-123-80.near.illinois.edu 23.5.0 Darwin Kernel Version 23.5.0: Wed May  1 20:12:58 PDT 2024; root:xnu-10063.121.3~5/RELEASE_ARM64_T6000 arm64
-----------------------------------------------------------
Server listening on 5201 (test #2)
-----------------------------------------------------------
Time: Mon, 15 Jul 2024 19:36:45 UTC
Accepted connection from 10.193.121.220, port 49592
      Cookie: ue3hm2fvpkkqfcjshtawfned74iqznletx53
      Target Bitrate: 10000000
[  5] local 10.193.123.80 port 5201 connected to 10.193.121.220 port 49181
Starting Test: protocol: UDP, 1 streams, 1448 byte blocks, omitting 0 seconds, 30 second test, tos 0
[ ID] Interval           Transfer     Bitrate         Jitter    Lost/Total Datagrams
[  5]   0.00-1.00   sec  1.18 MBytes  9.90 Mbits/sec  1.622 ms  0/855 (0%)  
[  5]   1.00-2.00   sec  1.18 MBytes  9.92 Mbits/sec  1.912 ms  0/856 (0%)  
[  5]   2.00-3.00   sec  1.21 MBytes  10.1 Mbits/sec  1.385 ms  0/875 (0%)  
[  5]   3.00-4.00   sec  1.19 MBytes  9.98 Mbits/sec  1.277 ms  0/862 (0%)  
[  5]   4.00-5.00   sec  1.19 MBytes  9.95 Mbits/sec  1.215 ms  0/860 (0%)  
[  5]   5.00-6.00   sec   877 KBytes  7.19 Mbits/sec  3.630 ms  2/622 (0.32%)  
[  5]   6.00-7.01   sec   191 KBytes  1.56 Mbits/sec  6.353 ms  15/150 (10%)  
[  5]   7.01-8.00   sec  1.30 MBytes  10.9 Mbits/sec  0.885 ms  2/941 (0.21%)  
[  5]   8.00-9.00   sec   851 KBytes  6.98 Mbits/sec  2.865 ms  11/614 (1.8%)  
[  5]   9.00-10.00  sec   255 KBytes  2.09 Mbits/sec  2.566 ms  8/188 (4.3%)  
[  5]  10.00-11.00  sec   768 KBytes  6.30 Mbits/sec  5.143 ms  5/548 (0.91%)  
[  5]  11.00-12.00  sec   618 KBytes  5.06 Mbits/sec  2.693 ms  3/440 (0.68%)  
[  5]  12.00-13.00  sec  1.36 MBytes  11.4 Mbits/sec  1.189 ms  6/990 (0.61%)  
[  5]  13.00-14.00  sec  1.32 MBytes  11.1 Mbits/sec  1.966 ms  1/958 (0.1%)  
[  5]  14.00-15.00  sec  58.0 KBytes   475 Kbits/sec  28.281 ms  22/63 (35%)  
[  5]  15.00-16.00  sec  35.4 KBytes   289 Kbits/sec  17.147 ms  10/35 (29%)  
[  5]  16.00-17.00  sec  50.9 KBytes   417 Kbits/sec  15.584 ms  30/66 (45%)  
[  5]  17.00-18.00  sec  5.66 KBytes  46.4 Kbits/sec  43.422 ms  0/4 (0%)  
[  5]  18.00-19.00  sec  42.4 KBytes   347 Kbits/sec  72.523 ms  22/52 (42%)  
[  5]  19.00-20.00  sec   451 KBytes  3.70 Mbits/sec  2.364 ms  2/321 (0.62%)  
[  5]  20.00-21.01  sec  1.09 MBytes  9.11 Mbits/sec  3.799 ms  12/802 (1.5%)  
[  5]  21.01-22.01  sec  1.75 MBytes  14.7 Mbits/sec  1.121 ms  2/1268 (0.16%)  
[  5]  22.01-23.00  sec   670 KBytes  5.50 Mbits/sec  1.616 ms  8/482 (1.7%)  
[  5]  23.00-24.00  sec   618 KBytes  5.07 Mbits/sec  1.331 ms  35/472 (7.4%)  
[  5]  24.00-25.00  sec  2.75 MBytes  23.0 Mbits/sec  0.482 ms  3/1993 (0.15%)  
[  5]  25.00-26.00  sec  2.57 MBytes  21.6 Mbits/sec  0.897 ms  39/1903 (2%)  
[  5]  26.00-27.00  sec  2.87 MBytes  24.1 Mbits/sec  1.747 ms  1/2079 (0.048%)  
[  5]  27.00-28.00  sec  3.50 MBytes  29.2 Mbits/sec  0.980 ms  0/2531 (0%)  
[  5]  28.00-29.00  sec   839 KBytes  6.86 Mbits/sec  2.193 ms  21/614 (3.4%)  
[  5]  29.00-30.00  sec  2.85 MBytes  24.0 Mbits/sec  0.959 ms  14/2078 (0.67%)  
[  5]  30.00-30.06  sec   163 KBytes  24.3 Mbits/sec  1.040 ms  0/115 (0%)  
- - - - - - - - - - - - - - - - - - - - - - - - -
Test Complete. Summary Results:
[ ID] Interval           Transfer     Bitrate         Jitter    Lost/Total Datagrams
[  5] (sender statistics not available)
[  5]   0.00-30.06  sec  33.6 MBytes  9.39 Mbits/sec  1.040 ms  274/24637 (1.1%)  receiver
iperf 3.17.1
Darwin wirelessprv-10-193-123-80.near.illinois.edu 23.5.0 Darwin Kernel Version 23.5.0: Wed May  1 20:12:58 PDT 2024; root:xnu-10063.121.3~5/RELEASE_ARM64_T6000 arm64
