iperf 3.17.1
Darwin wirelessprv-10-193-123-80.near.illinois.edu 23.5.0 Darwin Kernel Version 23.5.0: Wed May  1 20:12:58 PDT 2024; root:xnu-10063.121.3~5/RELEASE_ARM64_T6000 arm64
-----------------------------------------------------------
Server listening on 5201 (test #1)
-----------------------------------------------------------
Time: Mon, 15 Jul 2024 19:08:15 UTC
Accepted connection from 10.193.121.220, port 41616
      Cookie: eumxjdwotiicop6se4eiexunhvm53xdeafcb
      TCP MSS: 0 (default)
[  5] local 10.193.123.80 port 5201 connected to 10.193.121.220 port 41620
Starting Test: protocol: TCP, 1 streams, 131072 byte blocks, omitting 0 seconds, 30 second test, tos 0
[ ID] Interval           Transfer     Bitrate
[  5]   0.00-1.00   sec  4.12 MBytes  34.4 Mbits/sec                  
[  5]   1.00-2.00   sec  4.00 MBytes  33.6 Mbits/sec                  
[  5]   2.00-3.00   sec  6.25 MBytes  52.4 Mbits/sec                  
[  5]   3.00-4.01   sec  7.12 MBytes  59.8 Mbits/sec                  
[  5]   4.01-5.00   sec  8.25 MBytes  69.3 Mbits/sec                  
[  5]   5.00-6.00   sec  6.62 MBytes  55.7 Mbits/sec                  
[  5]   6.00-7.00   sec  5.88 MBytes  49.3 Mbits/sec                  
[  5]   7.00-8.00   sec  7.88 MBytes  66.0 Mbits/sec                  
[  5]   8.00-9.00   sec  9.75 MBytes  81.9 Mbits/sec                  
[  5]   9.00-10.01  sec  11.2 MBytes  94.0 Mbits/sec                  
[  5]  10.01-11.01  sec  8.25 MBytes  69.1 Mbits/sec                  
[  5]  11.01-12.00  sec  8.12 MBytes  68.5 Mbits/sec                  
[  5]  12.00-13.00  sec  7.88 MBytes  66.0 Mbits/sec                  
[  5]  13.00-14.00  sec  7.62 MBytes  63.9 Mbits/sec                  
[  5]  14.00-15.00  sec  8.12 MBytes  68.2 Mbits/sec                  
[  5]  15.00-16.00  sec  8.12 MBytes  68.1 Mbits/sec                  
[  5]  16.00-17.00  sec  8.12 MBytes  68.4 Mbits/sec                  
[  5]  17.00-18.00  sec  7.38 MBytes  61.8 Mbits/sec                  
[  5]  18.00-19.01  sec  5.38 MBytes  45.0 Mbits/sec                  
[  5]  19.01-20.01  sec  1.88 MBytes  15.7 Mbits/sec                  
[  5]  20.01-21.00  sec  1.75 MBytes  14.7 Mbits/sec                  
[  5]  21.00-22.00  sec  1.38 MBytes  11.5 Mbits/sec                  
[  5]  22.00-23.01  sec  6.50 MBytes  54.4 Mbits/sec                  
[  5]  23.01-24.00  sec  7.50 MBytes  63.1 Mbits/sec                  
[  5]  24.00-25.01  sec  6.62 MBytes  55.4 Mbits/sec                  
[  5]  25.01-26.00  sec  7.88 MBytes  66.3 Mbits/sec                  
[  5]  26.00-27.00  sec  9.00 MBytes  75.5 Mbits/sec                  
[  5]  27.00-28.00  sec  8.25 MBytes  69.0 Mbits/sec                  
[  5]  28.00-29.00  sec  9.25 MBytes  77.5 Mbits/sec                  
[  5]  29.00-30.00  sec  8.62 MBytes  72.6 Mbits/sec                  
[  5]  30.00-30.03  sec   256 KBytes  78.5 Mbits/sec                  
- - - - - - - - - - - - - - - - - - - - - - - - -
Test Complete. Summary Results:
[ ID] Interval           Transfer     Bitrate
[  5] (sender statistics not available)
[  5]   0.00-30.03  sec   209 MBytes  58.4 Mbits/sec                  receiver
iperf 3.17.1
Darwin wirelessprv-10-193-123-80.near.illinois.edu 23.5.0 Darwin Kernel Version 23.5.0: Wed May  1 20:12:58 PDT 2024; root:xnu-10063.121.3~5/RELEASE_ARM64_T6000 arm64
-----------------------------------------------------------
Server listening on 5201 (test #2)
-----------------------------------------------------------
Time: Mon, 15 Jul 2024 19:09:49 UTC
Accepted connection from 10.193.121.220, port 33158
      Cookie: ieaeoh6h3dvx5oigno23kzup6dn7zk6zln7r
      TCP MSS: 0 (default)
[  5] local 10.193.123.80 port 5201 connected to 10.193.121.220 port 33168
Starting Test: protocol: TCP, 1 streams, 131072 byte blocks, omitting 0 seconds, 30 second test, tos 0
[ ID] Interval           Transfer     Bitrate
[  5]   0.00-1.00   sec  5.00 MBytes  41.8 Mbits/sec                  
[  5]   1.00-2.01   sec  7.75 MBytes  64.8 Mbits/sec                  
[  5]   2.01-3.01   sec  8.12 MBytes  68.2 Mbits/sec                  
[  5]   3.01-4.01   sec  8.25 MBytes  69.2 Mbits/sec                  
[  5]   4.01-5.01   sec  8.00 MBytes  67.1 Mbits/sec                  
[  5]   5.01-6.00   sec  7.38 MBytes  61.9 Mbits/sec                  
[  5]   6.00-7.00   sec  8.25 MBytes  69.3 Mbits/sec                  
[  5]   7.00-8.00   sec  7.75 MBytes  65.1 Mbits/sec                  
[  5]   8.00-9.01   sec  7.12 MBytes  59.6 Mbits/sec                  
[  5]   9.01-10.00  sec  5.75 MBytes  48.5 Mbits/sec                  
[  5]  10.00-11.00  sec  7.00 MBytes  58.6 Mbits/sec                  
[  5]  11.00-12.00  sec  7.50 MBytes  63.0 Mbits/sec                  
[  5]  12.00-13.01  sec  8.00 MBytes  66.9 Mbits/sec                  
[  5]  13.01-14.00  sec  8.00 MBytes  67.2 Mbits/sec                  
[  5]  14.00-15.00  sec  8.25 MBytes  69.5 Mbits/sec                  
[  5]  15.00-16.00  sec  9.00 MBytes  75.5 Mbits/sec                  
[  5]  16.00-17.00  sec  10.6 MBytes  89.1 Mbits/sec                  
[  5]  17.00-18.00  sec  8.00 MBytes  66.8 Mbits/sec                  
[  5]  18.00-19.00  sec  11.0 MBytes  92.3 Mbits/sec                  
[  5]  19.00-20.00  sec  8.88 MBytes  74.5 Mbits/sec                  
[  5]  20.00-21.00  sec  6.12 MBytes  51.4 Mbits/sec                  
[  5]  21.00-22.00  sec  6.38 MBytes  53.6 Mbits/sec                  
[  5]  22.00-23.00  sec  8.12 MBytes  68.1 Mbits/sec                  
[  5]  23.00-24.01  sec  8.00 MBytes  66.9 Mbits/sec                  
[  5]  24.01-25.01  sec  8.12 MBytes  68.3 Mbits/sec                  
[  5]  25.01-26.00  sec  7.88 MBytes  66.2 Mbits/sec                  
[  5]  26.00-27.00  sec  8.25 MBytes  69.2 Mbits/sec                  
[  5]  27.00-28.00  sec  6.75 MBytes  56.6 Mbits/sec                  
[  5]  28.00-29.00  sec  7.75 MBytes  65.0 Mbits/sec                  
[  5]  29.00-30.00  sec  6.62 MBytes  55.7 Mbits/sec                  
[  5]  30.00-30.03  sec   128 KBytes  45.4 Mbits/sec                  
- - - - - - - - - - - - - - - - - - - - - - - - -
Test Complete. Summary Results:
[ ID] Interval           Transfer     Bitrate
[  5] (sender statistics not available)
[  5]   0.00-30.03  sec   234 MBytes  65.3 Mbits/sec                  receiver
iperf 3.17.1
Darwin wirelessprv-10-193-123-80.near.illinois.edu 23.5.0 Darwin Kernel Version 23.5.0: Wed May  1 20:12:58 PDT 2024; root:xnu-10063.121.3~5/RELEASE_ARM64_T6000 arm64
-----------------------------------------------------------
Server listening on 5201 (test #3)
-----------------------------------------------------------
Time: Mon, 15 Jul 2024 19:10:58 UTC
Accepted connection from 10.193.121.220, port 51172
      Cookie: l5pjd7ikuoqrxamoel26ancsp6zmmuw3pgza
      Target Bitrate: 10000000
[  5] local 10.193.123.80 port 5201 connected to 10.193.121.220 port 38048
Starting Test: protocol: UDP, 1 streams, 1448 byte blocks, omitting 0 seconds, 30 second test, tos 0
[ ID] Interval           Transfer     Bitrate         Jitter    Lost/Total Datagrams
[  5]   0.00-1.00   sec  1.18 MBytes  9.90 Mbits/sec  1.034 ms  0/855 (0%)  
[  5]   1.00-2.00   sec  1.15 MBytes  9.63 Mbits/sec  1.679 ms  29/861 (3.4%)  
[  5]   2.00-3.00   sec  1.19 MBytes  10.0 Mbits/sec  1.244 ms  0/864 (0%)  
[  5]   3.00-4.00   sec  1.19 MBytes  10.0 Mbits/sec  1.421 ms  0/864 (0%)  
[  5]   4.00-5.00   sec  1.19 MBytes  10.0 Mbits/sec  1.158 ms  0/863 (0%)  
[  5]   5.00-6.00   sec  1.19 MBytes  9.99 Mbits/sec  1.134 ms  0/862 (0%)  
[  5]   6.00-7.00   sec  1.19 MBytes  10.0 Mbits/sec  1.466 ms  0/865 (0%)  
[  5]   7.00-8.00   sec  1.19 MBytes  10.0 Mbits/sec  1.322 ms  0/863 (0%)  
[  5]   8.00-9.00   sec  1.19 MBytes  10.0 Mbits/sec  1.385 ms  0/865 (0%)  
[  5]   9.00-10.00  sec  1.19 MBytes  9.99 Mbits/sec  1.436 ms  0/862 (0%)  
[  5]  10.00-11.00  sec  1.19 MBytes  10.0 Mbits/sec  1.387 ms  0/863 (0%)  
[  5]  11.00-12.00  sec  1.19 MBytes  10.0 Mbits/sec  1.577 ms  0/863 (0%)  
[  5]  12.00-13.00  sec  1.19 MBytes  9.99 Mbits/sec  1.411 ms  0/863 (0%)  
[  5]  13.00-14.00  sec  1.19 MBytes  9.96 Mbits/sec  1.290 ms  0/860 (0%)  
[  5]  14.00-15.00  sec  1.20 MBytes  10.0 Mbits/sec  1.237 ms  0/867 (0%)  
[  5]  15.00-16.00  sec  1.18 MBytes  9.91 Mbits/sec  1.609 ms  0/855 (0%)  
[  5]  16.00-17.00  sec  1.20 MBytes  10.1 Mbits/sec  1.355 ms  0/870 (0%)  
[  5]  17.00-18.00  sec  1.19 MBytes  10.0 Mbits/sec  1.627 ms  0/863 (0%)  
[  5]  18.00-19.00  sec  1.19 MBytes  9.98 Mbits/sec  1.077 ms  0/862 (0%)  
[  5]  19.00-20.00  sec  1.20 MBytes  10.0 Mbits/sec  1.231 ms  0/866 (0%)  
[  5]  20.00-21.00  sec  1.19 MBytes  10.0 Mbits/sec  1.023 ms  0/864 (0%)  
[  5]  21.00-22.00  sec  1.19 MBytes  10.0 Mbits/sec  1.101 ms  0/863 (0%)  
[  5]  22.00-23.00  sec  1.19 MBytes  10.0 Mbits/sec  1.073 ms  0/865 (0%)  
[  5]  23.00-24.00  sec  1.18 MBytes  9.91 Mbits/sec  1.577 ms  0/856 (0%)  
[  5]  24.00-25.00  sec  1.20 MBytes  10.1 Mbits/sec  1.327 ms  0/869 (0%)  
[  5]  25.00-26.00  sec  1.19 MBytes  10.0 Mbits/sec  1.306 ms  0/863 (0%)  
[  5]  26.00-27.00  sec  1.19 MBytes  9.96 Mbits/sec  1.431 ms  1/861 (0.12%)  
[  5]  27.00-28.00  sec  1.19 MBytes  10.0 Mbits/sec  1.615 ms  0/864 (0%)  
[  5]  28.00-29.00  sec  1.18 MBytes  9.94 Mbits/sec  1.277 ms  0/858 (0%)  
[  5]  29.00-30.00  sec  1.20 MBytes  10.1 Mbits/sec  1.482 ms  0/869 (0%)  
[  5]  30.00-30.01  sec  9.90 KBytes  7.33 Mbits/sec  1.620 ms  0/8 (0%)  
- - - - - - - - - - - - - - - - - - - - - - - - -
Test Complete. Summary Results:
[ ID] Interval           Transfer     Bitrate         Jitter    Lost/Total Datagrams
[  5] (sender statistics not available)
[  5]   0.00-30.01  sec  35.7 MBytes  9.98 Mbits/sec  1.620 ms  30/25896 (0.12%)  receiver
iperf 3.17.1
Darwin wirelessprv-10-193-123-80.near.illinois.edu 23.5.0 Darwin Kernel Version 23.5.0: Wed May  1 20:12:58 PDT 2024; root:xnu-10063.121.3~5/RELEASE_ARM64_T6000 arm64
