iperf 3.17.1
Darwin wirelessprv-10-193-123-80.near.illinois.edu 23.5.0 Darwin Kernel Version 23.5.0: Wed May  1 20:12:58 PDT 2024; root:xnu-10063.121.3~5/RELEASE_ARM64_T6000 arm64
-----------------------------------------------------------
Server listening on 5201 (test #1)
-----------------------------------------------------------
Time: Mon, 15 Jul 2024 19:53:32 UTC
Accepted connection from 10.193.121.220, port 52906
      Cookie: xdubjpyrpdmha4qo3sopyi7lnbmnlsmkdowk
      TCP MSS: 0 (default)
[  5] local 10.193.123.80 port 5201 connected to 10.193.121.220 port 52908
Starting Test: protocol: TCP, 1 streams, 131072 byte blocks, omitting 0 seconds, 30 second test, tos 0
[ ID] Interval           Transfer     Bitrate
[  5]   0.00-1.01   sec  5.25 MBytes  43.8 Mbits/sec                  
[  5]   1.01-2.00   sec  8.62 MBytes  72.6 Mbits/sec                  
[  5]   2.00-3.00   sec  8.12 MBytes  68.1 Mbits/sec                  
[  5]   3.00-4.00   sec  9.88 MBytes  83.1 Mbits/sec                  
[  5]   4.00-5.00   sec  10.4 MBytes  87.0 Mbits/sec                  
[  5]   5.00-6.00   sec  9.00 MBytes  75.5 Mbits/sec                  
[  5]   6.00-7.01   sec  10.8 MBytes  89.7 Mbits/sec                  
[  5]   7.01-8.00   sec  11.1 MBytes  93.8 Mbits/sec                  
[  5]   8.00-9.00   sec  11.2 MBytes  94.5 Mbits/sec                  
[  5]   9.00-10.00  sec  11.2 MBytes  94.4 Mbits/sec                  
[  5]  10.00-11.00  sec  11.0 MBytes  92.1 Mbits/sec                  
[  5]  11.00-12.00  sec  10.1 MBytes  85.1 Mbits/sec                  
[  5]  12.00-13.01  sec  10.0 MBytes  83.3 Mbits/sec                  
[  5]  13.01-14.00  sec  10.4 MBytes  87.6 Mbits/sec                  
[  5]  14.00-15.00  sec  10.5 MBytes  87.8 Mbits/sec                  
[  5]  15.00-16.00  sec  10.4 MBytes  87.0 Mbits/sec                  
[  5]  16.00-17.00  sec  9.88 MBytes  83.1 Mbits/sec                  
[  5]  17.00-18.00  sec  10.2 MBytes  85.8 Mbits/sec                  
[  5]  18.00-19.01  sec  11.1 MBytes  92.9 Mbits/sec                  
[  5]  19.01-20.00  sec  11.2 MBytes  94.8 Mbits/sec                  
[  5]  20.00-21.00  sec  10.5 MBytes  88.3 Mbits/sec                  
[  5]  21.00-22.00  sec  8.00 MBytes  66.8 Mbits/sec                  
[  5]  22.00-23.01  sec  4.50 MBytes  37.7 Mbits/sec                  
[  5]  23.01-24.00  sec  5.88 MBytes  49.3 Mbits/sec                  
[  5]  24.00-25.00  sec  8.75 MBytes  73.6 Mbits/sec                  
[  5]  25.00-26.00  sec  7.00 MBytes  58.6 Mbits/sec                  
[  5]  26.00-27.01  sec  8.38 MBytes  70.2 Mbits/sec                  
[  5]  27.01-28.00  sec  10.1 MBytes  85.3 Mbits/sec                  
[  5]  28.00-29.00  sec  11.1 MBytes  93.2 Mbits/sec                  
[  5]  29.00-30.00  sec  2.88 MBytes  24.1 Mbits/sec                  
[  5]  30.00-30.03  sec   128 KBytes  43.3 Mbits/sec                  
- - - - - - - - - - - - - - - - - - - - - - - - -
Test Complete. Summary Results:
[ ID] Interval           Transfer     Bitrate
[  5] (sender statistics not available)
[  5]   0.00-30.03  sec   278 MBytes  77.6 Mbits/sec                  receiver
iperf 3.17.1
Darwin wirelessprv-10-193-123-80.near.illinois.edu 23.5.0 Darwin Kernel Version 23.5.0: Wed May  1 20:12:58 PDT 2024; root:xnu-10063.121.3~5/RELEASE_ARM64_T6000 arm64
-----------------------------------------------------------
Server listening on 5201 (test #2)
-----------------------------------------------------------
Time: Mon, 15 Jul 2024 19:54:03 UTC
Accepted connection from 10.193.121.220, port 53426
      Cookie: 637iwpn3zfkw2kao5cr5bxs7tc5oeonaxwye
      Target Bitrate: 10000000
[  5] local 10.193.123.80 port 5201 connected to 10.193.121.220 port 41325
Starting Test: protocol: UDP, 1 streams, 1448 byte blocks, omitting 0 seconds, 30 second test, tos 0
[ ID] Interval           Transfer     Bitrate         Jitter    Lost/Total Datagrams
[  5]   0.00-1.00   sec  1.19 MBytes  9.95 Mbits/sec  1.078 ms  0/859 (0%)  
[  5]   1.00-2.00   sec  1.19 MBytes  10.0 Mbits/sec  1.075 ms  0/863 (0%)  
[  5]   2.00-3.00   sec  1.19 MBytes  9.94 Mbits/sec  1.446 ms  0/859 (0%)  
[  5]   3.00-4.00   sec  1.20 MBytes  10.0 Mbits/sec  1.169 ms  0/866 (0%)  
[  5]   4.00-5.00   sec  1.19 MBytes  10.0 Mbits/sec  0.927 ms  0/865 (0%)  
[  5]   5.00-6.00   sec  1.19 MBytes  9.97 Mbits/sec  0.920 ms  0/861 (0%)  
[  5]   6.00-7.00   sec  1.19 MBytes  10.0 Mbits/sec  0.992 ms  0/864 (0%)  
[  5]   7.00-8.00   sec  1.19 MBytes  10.0 Mbits/sec  0.956 ms  0/864 (0%)  
[  5]   8.00-9.00   sec  1.19 MBytes  10.0 Mbits/sec  1.002 ms  0/864 (0%)  
[  5]   9.00-10.00  sec  1.19 MBytes  9.99 Mbits/sec  0.904 ms  0/862 (0%)  
[  5]  10.00-11.00  sec  1.19 MBytes  9.96 Mbits/sec  1.227 ms  0/861 (0%)  
[  5]  11.00-12.00  sec  1.20 MBytes  10.0 Mbits/sec  1.187 ms  0/866 (0%)  
[  5]  12.00-13.00  sec  1.19 MBytes  10.0 Mbits/sec  1.019 ms  0/864 (0%)  
[  5]  13.00-14.00  sec  1.19 MBytes  10.0 Mbits/sec  0.968 ms  0/863 (0%)  
[  5]  14.00-15.00  sec  1.19 MBytes  9.98 Mbits/sec  1.100 ms  0/862 (0%)  
[  5]  15.00-16.00  sec  1.19 MBytes  10.0 Mbits/sec  1.000 ms  0/865 (0%)  
[  5]  16.00-17.00  sec  1.19 MBytes  10.0 Mbits/sec  1.330 ms  0/863 (0%)  
[  5]  17.00-18.00  sec  1.19 MBytes  9.98 Mbits/sec  1.052 ms  0/861 (0%)  
[  5]  18.00-19.00  sec  1.19 MBytes  10.0 Mbits/sec  1.221 ms  0/864 (0%)  
[  5]  19.00-20.00  sec  1.19 MBytes  10.0 Mbits/sec  1.013 ms  0/865 (0%)  
[  5]  20.00-21.00  sec  1.19 MBytes  10.0 Mbits/sec  1.153 ms  0/863 (0%)  
[  5]  21.00-22.00  sec  1.19 MBytes  9.95 Mbits/sec  1.045 ms  0/860 (0%)  
[  5]  22.00-23.00  sec  1.20 MBytes  10.0 Mbits/sec  1.039 ms  0/866 (0%)  
[  5]  23.00-24.00  sec  1.19 MBytes  10.0 Mbits/sec  1.055 ms  0/864 (0%)  
[  5]  24.00-25.00  sec  1.19 MBytes  9.99 Mbits/sec  1.139 ms  0/863 (0%)  
[  5]  25.00-26.00  sec  1.19 MBytes  10.0 Mbits/sec  1.007 ms  0/863 (0%)  
[  5]  26.00-27.00  sec  1.19 MBytes  9.99 Mbits/sec  0.995 ms  0/863 (0%)  
[  5]  27.00-28.00  sec  1.19 MBytes  9.99 Mbits/sec  1.170 ms  0/862 (0%)  
[  5]  28.00-29.00  sec  1.19 MBytes  10.0 Mbits/sec  0.961 ms  0/865 (0%)  
[  5]  29.00-30.00  sec  1.18 MBytes  9.93 Mbits/sec  0.966 ms  0/858 (0%)  
[  5]  30.00-30.01  sec  12.7 KBytes  16.9 Mbits/sec  1.216 ms  0/9 (0%)  
- - - - - - - - - - - - - - - - - - - - - - - - -
Test Complete. Summary Results:
[ ID] Interval           Transfer     Bitrate         Jitter    Lost/Total Datagrams
[  5] (sender statistics not available)
[  5]   0.00-30.01  sec  35.8 MBytes  10.0 Mbits/sec  1.216 ms  0/25897 (0%)  receiver
iperf 3.17.1
Darwin wirelessprv-10-193-123-80.near.illinois.edu 23.5.0 Darwin Kernel Version 23.5.0: Wed May  1 20:12:58 PDT 2024; root:xnu-10063.121.3~5/RELEASE_ARM64_T6000 arm64
